#
# A fatal error has been detected by the Java Runtime Environment:
#
#  EXCEPTION_ACCESS_VIOLATION (0xc0000005) at pc=0x00007ff83919bc8a, pid=10716, tid=10260
#
# JRE version: OpenJDK Runtime Environment Temurin-17.0.1+12 (17.0.1+12) (build 17.0.1+12)
# Java VM: OpenJDK 64-Bit Server VM Temurin-17.0.1+12 (17.0.1+12, mixed mode, tiered, compressed oops, compressed class ptrs, g1 gc, windows-amd64)
# Problematic frame:
# V  [jvm.dll+0x79bc8a]
#
# No core dump will be written. Minidumps are not enabled by default on client versions of Windows
#
# If you would like to submit a bug report, please visit:
#   https://github.com/adoptium/adoptium-support/issues
#

---------------  S U M M A R Y ------------

Command Line: -XX:+ShowCodeDetailsInExceptionMessages -agentlib:jdwp=transport=dt_socket,suspend=y,address=localhost:61926 -javaagent:C:\Users\GOKUL\eclipse\java-2021-12\eclipse\configuration\org.eclipse.osgi\221\0\.cp\lib\javaagent-shaded.jar -Dfile.encoding=Cp1252 com.exercise1.GokulrajVenugopal.SinglyLinkedList

Host: 11th Gen Intel(R) Core(TM) i7-11370H @ 3.30GHz, 8 cores, 15G,  Windows 10 , 64 bit Build 22621 (10.0.22621.1105)
Time: Thu Jan 26 18:24:25 2023 Eastern Standard Time elapsed time: 15.199154 seconds (0d 0h 0m 15s)

---------------  T H R E A D  ---------------

Current thread (0x0000029eeceeac80):  JavaThread "JDWP Transport Listener: dt_socket" daemon [_thread_in_vm, id=10260, stack(0x000000f02bb00000,0x000000f02bc00000)]

Stack: [0x000000f02bb00000,0x000000f02bc00000],  sp=0x000000f02bbff470,  free space=1021k
Native frames: (J=compiled Java code, j=interpreted, Vv=VM code, C=native code)
V  [jvm.dll+0x79bc8a]
V  [jvm.dll+0x507e6c]
V  [jvm.dll+0x4cf4d4]
C  [jdwp.dll+0x22dff]


siginfo: EXCEPTION_ACCESS_VIOLATION (0xc0000005), reading address 0x00000000005b005e


Register to memory mapping:

RIP=0x00007ff83919bc8a jvm.dll
RAX=0x00000000000000d3 is an unknown value
RBX=0x0000029eecc98ca3 points into unknown readable memory: 6f 64 65 3b 00
RCX=0x00000000005b005a is an unknown value
RDX=0x0000029eed4e7700 points into unknown readable memory: 0x6578652f6d6f634c | 4c 63 6f 6d 2f 65 78 65
RSP=0x000000f02bbff470 is pointing into the stack for thread: 0x0000029eeceeac80
RBP=0x0000029eecedea50 points into unknown readable memory: 0x0043005000000002 | 02 00 00 00 50 00 43 00
RSI=0x0 is NULL
RDI=0xffffffffffffffff is an unknown value
R8 =0x00000000000000d6 is an unknown value
R9 =0x000000000000003e is an unknown value
R10=0x00000000000000c0 is an unknown value
R11=0x000000f02bbff490 is pointing into the stack for thread: 0x0000029eeceeac80
R12=0x000000f02bbff5c8 is pointing into the stack for thread: 0x0000029eeceeac80
R13=0x0 is NULL
R14=0x00000008001052c0 is a pointer to class: 
com.exercise1.GokulrajVenugopal.SinglyLinkedList {0x00000008001052c8}
 - instance size:     3
 - klass size:        75
 - access:            public synchronized 
 - state:             fully_initialized
 - name:              'com/exercise1/GokulrajVenugopal/SinglyLinkedList'
 - super:             'java/lang/Object'
 - sub:               
 - arrays:            NULL
 - methods:           Array<T>(0x0000029eee03b780)
 - method ordering:   Array<T>(0x0000029eee03c860)
 - default_methods:   Array<T>(0x0000000000000000)
 - local interfaces:  Array<T>(0x0000029eee037de0)
 - trans. interfaces: Array<T>(0x0000029eee037de0)
 - constants:         constant pool [219] {0x0000029eee03d938} for 'com/exercise1/GokulrajVenugopal/SinglyLinkedList' cache=0x0000029eee03e0b0
 - class loader data:  loader data: 0x0000029eece2c820 for instance a 'jdk/internal/loader/ClassLoaders$AppClassLoader'{0x0000000712e61e38}
 - source file:       'SinglyLinkedList.java'
 - source debug extension:       SMAP
SinglyLinkedList.java
Java
*S jdt
*F
1 SinglyLinkedList.java
2 file:/D:/Java%20Programming%20Workspace/GokulrajVenugopal_COMP254Lab1/bin/
*L
*E

 - class annotations:       Array<T>(0x0000000000000000)
 - class type annotations:  Array<T>(0x0000000000000000)
 - field annotations:       Array<T>(0x0000000000000000)
 - field type annotations:  Array<T>(0x0000000000000000)
 - previous version:  constant pool [219] {0x0000029eee037668} for 'com/exercise1/GokulrajVenugopal/SinglyLinkedList' (extra) cache=0x0000029eee038f58
 - generic signature: '
[error occurred during error reporting (printing register info), id 0xc0000005, EXCEPTION_ACCESS_VIOLATION (0xc0000005) at pc=0x00007ff83919c896]

Registers:
RAX=0x00000000000000d3, RBX=0x0000029eecc98ca3, RCX=0x00000000005b005a, RDX=0x0000029eed4e7700
RSP=0x000000f02bbff470, RBP=0x0000029eecedea50, RSI=0x0000000000000000, RDI=0xffffffffffffffff
R8 =0x00000000000000d6, R9 =0x000000000000003e, R10=0x00000000000000c0, R11=0x000000f02bbff490
R12=0x000000f02bbff5c8, R13=0x0000000000000000, R14=0x00000008001052c0, R15=0x000000f02bbff5f0
RIP=0x00007ff83919bc8a, EFLAGS=0x0000000000010202

Top of Stack: (sp=0x000000f02bbff470)
0x000000f02bbff470:   0000000000000030 00000008001052c0
0x000000f02bbff480:   0000029eed4e7280 00007ff8a17ab1e1
0x000000f02bbff490:   ffffffffffffffff 00007ff838f07e6c
0x000000f02bbff4a0:   0000029eecc98ca3 0000029eecc98c70
0x000000f02bbff4b0:   0000029eecedea50 00007ff838f0a98d
0x000000f02bbff4c0:   0000029eecc98c20 00000000000003d8
0x000000f02bbff4d0:   0000029eecc98c30 0000029eecc99008
0x000000f02bbff4e0:   0000000000002701 000000f02bbff5c8
0x000000f02bbff4f0:   0000000000000007 0000029eeceeaf28
0x000000f02bbff500:   0000000712b7fe18 00007ff838ecf4d4
0x000000f02bbff510:   0000029eeceeac80 000000f02bbff5f0
0x000000f02bbff520:   0000029ecb8fb410 000000f02bbff5f0
0x000000f02bbff530:   0000029eeceeac80 0000000000000000
0x000000f02bbff540:   0000000000000000 0000000000000000
0x000000f02bbff550:   0000029eecef7030 00007ff85f812dff
0x000000f02bbff560:   000000f02bbff5e8 00007ff85f821aa0 

Instructions: (pc=0x00007ff83919bc8a)
0x00007ff83919bb8a:   48 83 c4 20 5f e9 3c a2 90 ff cc cc cc cc cc cc
0x00007ff83919bb9a:   cc cc cc cc cc cc 48 89 5c 24 08 57 48 83 ec 20
0x00007ff83919bbaa:   83 fa 02 8d 42 06 b9 08 00 00 00 49 8b d8 0f 4e
0x00007ff83919bbba:   c1 48 63 c8 48 83 c1 07 83 e1 f8 48 63 f9 49 8b
0x00007ff83919bbca:   48 18 48 8b c7 48 f7 d0 48 3b c1 73 16 4c 8d 05
0x00007ff83919bbda:   5a 55 17 00 48 8b d7 48 8b cb e8 47 05 91 ff 48
0x00007ff83919bbea:   8b 4b 18 48 8d 04 39 48 3b 43 20 76 18 45 33 c0
0x00007ff83919bbfa:   48 8b d7 48 8b cb 48 8b 5c 24 30 48 83 c4 20 5f
0x00007ff83919bc0a:   e9 a1 01 91 ff 48 89 43 18 48 8b c1 48 8b 5c 24
0x00007ff83919bc1a:   30 48 83 c4 20 5f c3 cc cc cc cc cc cc cc cc cc
0x00007ff83919bc2a:   cc cc cc cc cc cc 4c 8b d2 4c 8b d9 45 85 c0 7e
0x00007ff83919bc3a:   3c 44 0f b7 49 04 41 8d 40 ff 41 3b c1 44 0f 4c
0x00007ff83919bc4a:   c8 4d 63 c1 45 85 c9 7e 1f 48 8b c2 4c 2b da 49
0x00007ff83919bc5a:   8b d0 0f 1f 40 00 41 0f b6 4c 03 06 88 08 48 8d
0x00007ff83919bc6a:   40 01 48 83 ea 01 75 ee 43 c6 04 10 00 49 8b c2
0x00007ff83919bc7a:   c3 cc cc cc cc cc 48 89 5c 24 08 57 48 83 ec 20
0x00007ff83919bc8a:   0f b7 59 04 48 8b f9 33 d2 48 8d 4b 01 e8 24 e8
0x00007ff83919bc9a:   f2 ff 0f b7 57 04 4c 8b c0 3b da 0f 42 d3 44 8b
0x00007ff83919bcaa:   ca 85 d2 74 39 48 2b f8 0f 1f 40 00 66 66 0f 1f
0x00007ff83919bcba:   84 00 00 00 00 00 0f b6 4c 07 06 88 08 48 ff c0
0x00007ff83919bcca:   48 8b c8 49 2b c8 49 3b c9 7c eb 42 c6 04 02 00
0x00007ff83919bcda:   49 8b c0 48 8b 5c 24 30 48 83 c4 20 5f c3 48 8b
0x00007ff83919bcea:   5c 24 30 c6 04 02 00 48 83 c4 20 5f c3 cc cc cc
0x00007ff83919bcfa:   cc cc cc cc cc cc 4c 8b d1 45 85 c0 7e 6c 44 0f
0x00007ff83919bd0a:   b7 49 04 41 8d 40 ff 41 3b c1 44 0f 4c c8 4d 63
0x00007ff83919bd1a:   d9 45 85 c9 7e 22 48 8b ca 4c 2b d2 4d 8b c3 0f
0x00007ff83919bd2a:   1f 80 00 00 00 00 41 0f b6 44 0a 06 88 01 48 8d
0x00007ff83919bd3a:   49 01 49 83 e8 01 75 ee 41 c6 04 13 00 48 c7 c0
0x00007ff83919bd4a:   ff ff ff ff 66 90 48 ff c0 80 3c 02 00 75 f7 48
0x00007ff83919bd5a:   63 c8 85 c0 48 8b c2 7e 14 80 38 2f 75 03 c6 00
0x00007ff83919bd6a:   2e 48 ff c0 48 83 e9 01 75 ef 48 8b c2 c3 cc cc
0x00007ff83919bd7a:   cc cc cc cc cc cc 48 83 ec 28 e8 f7 fe ff ff 4c 


Stack slot to memory mapping:
stack at sp + 0 slots: 0x0000000000000030 is an unknown value
stack at sp + 1 slots: 0x00000008001052c0 is a pointer to class: 
com.exercise1.GokulrajVenugopal.SinglyLinkedList {0x00000008001052c8}
 - instance size:     3
 - klass size:        75
 - access:            public synchronized 
 - state:             fully_initialized
 - name:              'com/exercise1/GokulrajVenugopal/SinglyLinkedList'
 - super:             'java/lang/Object'
 - sub:               
 - arrays:            NULL
 - methods:           Array<T>(0x0000029eee03b780)
 - method ordering:   Array<T>(0x0000029eee03c860)
 - default_methods:   Array<T>(0x0000000000000000)
 - local interfaces:  Array<T>(0x0000029eee037de0)
 - trans. interfaces: Array<T>(0x0000029eee037de0)
 - constants:         constant pool [219] {0x0000029eee03d938} for 'com/exercise1/GokulrajVenugopal/SinglyLinkedList' cache=0x0000029eee03e0b0
 - class loader data:  loader data: 0x0000029eece2c820 for instance a 'jdk/internal/loader/ClassLoaders$AppClassLoader'{0x0000000712e61e38}
 - source file:       'SinglyLinkedList.java'
 - source debug extension:       SMAP
SinglyLinkedList.java
Java
*S jdt
*F
1 SinglyLinkedList.java
2 file:/D:/Java%20Programming%20Workspace/GokulrajVenugopal_COMP254Lab1/bin/
*L
*E

 - class annotations:       Array<T>(0x0000000000000000)
 - class type annotations:  Array<T>(0x0000000000000000)
 - field annotations:       Array<T>(0x0000000000000000)
 - field type annotations:  Array<T>(0x0000000000000000)
 - previous version:  constant pool [219] {0x0000029eee037668} for 'com/exercise1/GokulrajVenugopal/SinglyLinkedList' (extra) cache=0x0000029eee038f58
 - generic signature: '
[error occurred during error reporting (inspecting top of stack), id 0xc0000005, EXCEPTION_ACCESS_VIOLATION (0xc0000005) at pc=0x00007ff83919c896]


---------------  P R O C E S S  ---------------

Threads class SMR info:
_java_thread_list=0x0000029eed7808b0, length=15, elements={
0x0000029ecb90bb00, 0x0000029eecc08450, 0x0000029eecc09f20, 0x0000029eecc53f30,
0x0000029eecc59b50, 0x0000029eecc547f0, 0x0000029eecc550b0, 0x0000029eecc89530,
0x0000029eecc8be40, 0x0000029eecc96f50, 0x0000029eecd14ea0, 0x0000029eeceeac80,
0x0000029eeceeb170, 0x0000029eecef5910, 0x0000029eed69fcf0
}

Java Threads: ( => current thread )
  0x0000029ecb90bb00 JavaThread "main" [_thread_blocked, id=15964, stack(0x000000f02aa00000,0x000000f02ab00000)]
  0x0000029eecc08450 JavaThread "Reference Handler" daemon [_thread_blocked, id=9684, stack(0x000000f02b100000,0x000000f02b200000)]
  0x0000029eecc09f20 JavaThread "Finalizer" daemon [_thread_blocked, id=21744, stack(0x000000f02b200000,0x000000f02b300000)]
  0x0000029eecc53f30 JavaThread "Signal Dispatcher" daemon [_thread_blocked, id=8732, stack(0x000000f02b300000,0x000000f02b400000)]
  0x0000029eecc59b50 JavaThread "Attach Listener" daemon [_thread_blocked, id=10888, stack(0x000000f02b400000,0x000000f02b500000)]
  0x0000029eecc547f0 JavaThread "Service Thread" daemon [_thread_blocked, id=2592, stack(0x000000f02b500000,0x000000f02b600000)]
  0x0000029eecc550b0 JavaThread "Monitor Deflation Thread" daemon [_thread_blocked, id=15524, stack(0x000000f02b600000,0x000000f02b700000)]
  0x0000029eecc89530 JavaThread "C2 CompilerThread0" daemon [_thread_blocked, id=10832, stack(0x000000f02b700000,0x000000f02b800000)]
  0x0000029eecc8be40 JavaThread "C1 CompilerThread0" daemon [_thread_blocked, id=20684, stack(0x000000f02b800000,0x000000f02b900000)]
  0x0000029eecc96f50 JavaThread "Sweeper thread" daemon [_thread_blocked, id=1796, stack(0x000000f02b900000,0x000000f02ba00000)]
  0x0000029eecd14ea0 JavaThread "Common-Cleaner" daemon [_thread_blocked, id=10432, stack(0x000000f02ba00000,0x000000f02bb00000)]
=>0x0000029eeceeac80 JavaThread "JDWP Transport Listener: dt_socket" daemon [_thread_in_vm, id=10260, stack(0x000000f02bb00000,0x000000f02bc00000)]
  0x0000029eeceeb170 JavaThread "JDWP Event Helper Thread" daemon [_thread_blocked, id=13760, stack(0x000000f02bc00000,0x000000f02bd00000)]
  0x0000029eecef5910 JavaThread "JDWP Command Reader" daemon [_thread_in_native, id=4440, stack(0x000000f02bd00000,0x000000f02be00000)]
  0x0000029eed69fcf0 JavaThread "Notification Thread" daemon [_thread_blocked, id=3940, stack(0x000000f02bf00000,0x000000f02c000000)]

Other Threads:
  0x0000029eec36ec40 VMThread "VM Thread" [stack: 0x000000f02b000000,0x000000f02b100000] [id=12496]
  0x0000029eed6a01c0 WatcherThread [stack: 0x000000f02c000000,0x000000f02c100000] [id=9044]
  0x0000029ecb95cfd0 GCTaskThread "GC Thread#0" [stack: 0x000000f02ab00000,0x000000f02ac00000] [id=10304]
  0x0000029ecb96e550 ConcurrentGCThread "G1 Main Marker" [stack: 0x000000f02ac00000,0x000000f02ad00000] [id=17572]
  0x0000029ecb96ef60 ConcurrentGCThread "G1 Conc#0" [stack: 0x000000f02ad00000,0x000000f02ae00000] [id=13148]
  0x0000029ecb9de8b0 ConcurrentGCThread "G1 Refine#0" [stack: 0x000000f02ae00000,0x000000f02af00000] [id=19132]
  0x0000029eec1db220 ConcurrentGCThread "G1 Service" [stack: 0x000000f02af00000,0x000000f02b000000] [id=12232]

Threads with active compile tasks:

VM state: not at safepoint (normal execution)

VM Mutex/Monitor currently owned by a thread: None

Heap address: 0x0000000703200000, size: 4046 MB, Compressed Oops mode: Zero based, Oop shift amount: 3

CDS archive(s) not mapped
Compressed class space mapped at: 0x0000000800000000-0x0000000840000000, reserved size: 1073741824
Narrow klass base: 0x0000000800000000, Narrow klass shift: 0, Narrow klass range: 0x40000000

GC Precious Log:
 CPUs: 8 total, 8 available
 Memory: 16179M
 Large Page Support: Disabled
 NUMA Support: Disabled
 Compressed Oops: Enabled (Zero based)
 Heap Region Size: 2M
 Heap Min Capacity: 8M
 Heap Initial Capacity: 254M
 Heap Max Capacity: 4046M
 Pre-touch: Disabled
 Parallel Workers: 8
 Concurrent Workers: 2
 Concurrent Refinement Workers: 8
 Periodic GC: Disabled

Heap:
 garbage-first heap   total 260096K, used 4096K [0x0000000703200000, 0x0000000800000000)
  region size 2048K, 3 young (6144K), 0 survivors (0K)
 Metaspace       used 9350K, committed 9472K, reserved 1064960K
  class space    used 810K, committed 896K, reserved 1048576K

Heap Regions: E=young(eden), S=young(survivor), O=old, HS=humongous(starts), HC=humongous(continues), CS=collection set, F=free, OA=open archive, CA=closed archive, TAMS=top-at-mark-start (previous, next)
|   0|0x0000000703200000, 0x0000000703200000, 0x0000000703400000|  0%| F|  |TAMS 0x0000000703200000, 0x0000000703200000| Untracked 
|   1|0x0000000703400000, 0x0000000703400000, 0x0000000703600000|  0%| F|  |TAMS 0x0000000703400000, 0x0000000703400000| Untracked 
|   2|0x0000000703600000, 0x0000000703600000, 0x0000000703800000|  0%| F|  |TAMS 0x0000000703600000, 0x0000000703600000| Untracked 
|   3|0x0000000703800000, 0x0000000703800000, 0x0000000703a00000|  0%| F|  |TAMS 0x0000000703800000, 0x0000000703800000| Untracked 
|   4|0x0000000703a00000, 0x0000000703a00000, 0x0000000703c00000|  0%| F|  |TAMS 0x0000000703a00000, 0x0000000703a00000| Untracked 
|   5|0x0000000703c00000, 0x0000000703c00000, 0x0000000703e00000|  0%| F|  |TAMS 0x0000000703c00000, 0x0000000703c00000| Untracked 
|   6|0x0000000703e00000, 0x0000000703e00000, 0x0000000704000000|  0%| F|  |TAMS 0x0000000703e00000, 0x0000000703e00000| Untracked 
|   7|0x0000000704000000, 0x0000000704000000, 0x0000000704200000|  0%| F|  |TAMS 0x0000000704000000, 0x0000000704000000| Untracked 
|   8|0x0000000704200000, 0x0000000704200000, 0x0000000704400000|  0%| F|  |TAMS 0x0000000704200000, 0x0000000704200000| Untracked 
|   9|0x0000000704400000, 0x0000000704400000, 0x0000000704600000|  0%| F|  |TAMS 0x0000000704400000, 0x0000000704400000| Untracked 
|  10|0x0000000704600000, 0x0000000704600000, 0x0000000704800000|  0%| F|  |TAMS 0x0000000704600000, 0x0000000704600000| Untracked 
|  11|0x0000000704800000, 0x0000000704800000, 0x0000000704a00000|  0%| F|  |TAMS 0x0000000704800000, 0x0000000704800000| Untracked 
|  12|0x0000000704a00000, 0x0000000704a00000, 0x0000000704c00000|  0%| F|  |TAMS 0x0000000704a00000, 0x0000000704a00000| Untracked 
|  13|0x0000000704c00000, 0x0000000704c00000, 0x0000000704e00000|  0%| F|  |TAMS 0x0000000704c00000, 0x0000000704c00000| Untracked 
|  14|0x0000000704e00000, 0x0000000704e00000, 0x0000000705000000|  0%| F|  |TAMS 0x0000000704e00000, 0x0000000704e00000| Untracked 
|  15|0x0000000705000000, 0x0000000705000000, 0x0000000705200000|  0%| F|  |TAMS 0x0000000705000000, 0x0000000705000000| Untracked 
|  16|0x0000000705200000, 0x0000000705200000, 0x0000000705400000|  0%| F|  |TAMS 0x0000000705200000, 0x0000000705200000| Untracked 
|  17|0x0000000705400000, 0x0000000705400000, 0x0000000705600000|  0%| F|  |TAMS 0x0000000705400000, 0x0000000705400000| Untracked 
|  18|0x0000000705600000, 0x0000000705600000, 0x0000000705800000|  0%| F|  |TAMS 0x0000000705600000, 0x0000000705600000| Untracked 
|  19|0x0000000705800000, 0x0000000705800000, 0x0000000705a00000|  0%| F|  |TAMS 0x0000000705800000, 0x0000000705800000| Untracked 
|  20|0x0000000705a00000, 0x0000000705a00000, 0x0000000705c00000|  0%| F|  |TAMS 0x0000000705a00000, 0x0000000705a00000| Untracked 
|  21|0x0000000705c00000, 0x0000000705c00000, 0x0000000705e00000|  0%| F|  |TAMS 0x0000000705c00000, 0x0000000705c00000| Untracked 
|  22|0x0000000705e00000, 0x0000000705e00000, 0x0000000706000000|  0%| F|  |TAMS 0x0000000705e00000, 0x0000000705e00000| Untracked 
|  23|0x0000000706000000, 0x0000000706000000, 0x0000000706200000|  0%| F|  |TAMS 0x0000000706000000, 0x0000000706000000| Untracked 
|  24|0x0000000706200000, 0x0000000706200000, 0x0000000706400000|  0%| F|  |TAMS 0x0000000706200000, 0x0000000706200000| Untracked 
|  25|0x0000000706400000, 0x0000000706400000, 0x0000000706600000|  0%| F|  |TAMS 0x0000000706400000, 0x0000000706400000| Untracked 
|  26|0x0000000706600000, 0x0000000706600000, 0x0000000706800000|  0%| F|  |TAMS 0x0000000706600000, 0x0000000706600000| Untracked 
|  27|0x0000000706800000, 0x0000000706800000, 0x0000000706a00000|  0%| F|  |TAMS 0x0000000706800000, 0x0000000706800000| Untracked 
|  28|0x0000000706a00000, 0x0000000706a00000, 0x0000000706c00000|  0%| F|  |TAMS 0x0000000706a00000, 0x0000000706a00000| Untracked 
|  29|0x0000000706c00000, 0x0000000706c00000, 0x0000000706e00000|  0%| F|  |TAMS 0x0000000706c00000, 0x0000000706c00000| Untracked 
|  30|0x0000000706e00000, 0x0000000706e00000, 0x0000000707000000|  0%| F|  |TAMS 0x0000000706e00000, 0x0000000706e00000| Untracked 
|  31|0x0000000707000000, 0x0000000707000000, 0x0000000707200000|  0%| F|  |TAMS 0x0000000707000000, 0x0000000707000000| Untracked 
|  32|0x0000000707200000, 0x0000000707200000, 0x0000000707400000|  0%| F|  |TAMS 0x0000000707200000, 0x0000000707200000| Untracked 
|  33|0x0000000707400000, 0x0000000707400000, 0x0000000707600000|  0%| F|  |TAMS 0x0000000707400000, 0x0000000707400000| Untracked 
|  34|0x0000000707600000, 0x0000000707600000, 0x0000000707800000|  0%| F|  |TAMS 0x0000000707600000, 0x0000000707600000| Untracked 
|  35|0x0000000707800000, 0x0000000707800000, 0x0000000707a00000|  0%| F|  |TAMS 0x0000000707800000, 0x0000000707800000| Untracked 
|  36|0x0000000707a00000, 0x0000000707a00000, 0x0000000707c00000|  0%| F|  |TAMS 0x0000000707a00000, 0x0000000707a00000| Untracked 
|  37|0x0000000707c00000, 0x0000000707c00000, 0x0000000707e00000|  0%| F|  |TAMS 0x0000000707c00000, 0x0000000707c00000| Untracked 
|  38|0x0000000707e00000, 0x0000000707e00000, 0x0000000708000000|  0%| F|  |TAMS 0x0000000707e00000, 0x0000000707e00000| Untracked 
|  39|0x0000000708000000, 0x0000000708000000, 0x0000000708200000|  0%| F|  |TAMS 0x0000000708000000, 0x0000000708000000| Untracked 
|  40|0x0000000708200000, 0x0000000708200000, 0x0000000708400000|  0%| F|  |TAMS 0x0000000708200000, 0x0000000708200000| Untracked 
|  41|0x0000000708400000, 0x0000000708400000, 0x0000000708600000|  0%| F|  |TAMS 0x0000000708400000, 0x0000000708400000| Untracked 
|  42|0x0000000708600000, 0x0000000708600000, 0x0000000708800000|  0%| F|  |TAMS 0x0000000708600000, 0x0000000708600000| Untracked 
|  43|0x0000000708800000, 0x0000000708800000, 0x0000000708a00000|  0%| F|  |TAMS 0x0000000708800000, 0x0000000708800000| Untracked 
|  44|0x0000000708a00000, 0x0000000708a00000, 0x0000000708c00000|  0%| F|  |TAMS 0x0000000708a00000, 0x0000000708a00000| Untracked 
|  45|0x0000000708c00000, 0x0000000708c00000, 0x0000000708e00000|  0%| F|  |TAMS 0x0000000708c00000, 0x0000000708c00000| Untracked 
|  46|0x0000000708e00000, 0x0000000708e00000, 0x0000000709000000|  0%| F|  |TAMS 0x0000000708e00000, 0x0000000708e00000| Untracked 
|  47|0x0000000709000000, 0x0000000709000000, 0x0000000709200000|  0%| F|  |TAMS 0x0000000709000000, 0x0000000709000000| Untracked 
|  48|0x0000000709200000, 0x0000000709200000, 0x0000000709400000|  0%| F|  |TAMS 0x0000000709200000, 0x0000000709200000| Untracked 
|  49|0x0000000709400000, 0x0000000709400000, 0x0000000709600000|  0%| F|  |TAMS 0x0000000709400000, 0x0000000709400000| Untracked 
|  50|0x0000000709600000, 0x0000000709600000, 0x0000000709800000|  0%| F|  |TAMS 0x0000000709600000, 0x0000000709600000| Untracked 
|  51|0x0000000709800000, 0x0000000709800000, 0x0000000709a00000|  0%| F|  |TAMS 0x0000000709800000, 0x0000000709800000| Untracked 
|  52|0x0000000709a00000, 0x0000000709a00000, 0x0000000709c00000|  0%| F|  |TAMS 0x0000000709a00000, 0x0000000709a00000| Untracked 
|  53|0x0000000709c00000, 0x0000000709c00000, 0x0000000709e00000|  0%| F|  |TAMS 0x0000000709c00000, 0x0000000709c00000| Untracked 
|  54|0x0000000709e00000, 0x0000000709e00000, 0x000000070a000000|  0%| F|  |TAMS 0x0000000709e00000, 0x0000000709e00000| Untracked 
|  55|0x000000070a000000, 0x000000070a000000, 0x000000070a200000|  0%| F|  |TAMS 0x000000070a000000, 0x000000070a000000| Untracked 
|  56|0x000000070a200000, 0x000000070a200000, 0x000000070a400000|  0%| F|  |TAMS 0x000000070a200000, 0x000000070a200000| Untracked 
|  57|0x000000070a400000, 0x000000070a400000, 0x000000070a600000|  0%| F|  |TAMS 0x000000070a400000, 0x000000070a400000| Untracked 
|  58|0x000000070a600000, 0x000000070a600000, 0x000000070a800000|  0%| F|  |TAMS 0x000000070a600000, 0x000000070a600000| Untracked 
|  59|0x000000070a800000, 0x000000070a800000, 0x000000070aa00000|  0%| F|  |TAMS 0x000000070a800000, 0x000000070a800000| Untracked 
|  60|0x000000070aa00000, 0x000000070aa00000, 0x000000070ac00000|  0%| F|  |TAMS 0x000000070aa00000, 0x000000070aa00000| Untracked 
|  61|0x000000070ac00000, 0x000000070ac00000, 0x000000070ae00000|  0%| F|  |TAMS 0x000000070ac00000, 0x000000070ac00000| Untracked 
|  62|0x000000070ae00000, 0x000000070ae00000, 0x000000070b000000|  0%| F|  |TAMS 0x000000070ae00000, 0x000000070ae00000| Untracked 
|  63|0x000000070b000000, 0x000000070b000000, 0x000000070b200000|  0%| F|  |TAMS 0x000000070b000000, 0x000000070b000000| Untracked 
|  64|0x000000070b200000, 0x000000070b200000, 0x000000070b400000|  0%| F|  |TAMS 0x000000070b200000, 0x000000070b200000| Untracked 
|  65|0x000000070b400000, 0x000000070b400000, 0x000000070b600000|  0%| F|  |TAMS 0x000000070b400000, 0x000000070b400000| Untracked 
|  66|0x000000070b600000, 0x000000070b600000, 0x000000070b800000|  0%| F|  |TAMS 0x000000070b600000, 0x000000070b600000| Untracked 
|  67|0x000000070b800000, 0x000000070b800000, 0x000000070ba00000|  0%| F|  |TAMS 0x000000070b800000, 0x000000070b800000| Untracked 
|  68|0x000000070ba00000, 0x000000070ba00000, 0x000000070bc00000|  0%| F|  |TAMS 0x000000070ba00000, 0x000000070ba00000| Untracked 
|  69|0x000000070bc00000, 0x000000070bc00000, 0x000000070be00000|  0%| F|  |TAMS 0x000000070bc00000, 0x000000070bc00000| Untracked 
|  70|0x000000070be00000, 0x000000070be00000, 0x000000070c000000|  0%| F|  |TAMS 0x000000070be00000, 0x000000070be00000| Untracked 
|  71|0x000000070c000000, 0x000000070c000000, 0x000000070c200000|  0%| F|  |TAMS 0x000000070c000000, 0x000000070c000000| Untracked 
|  72|0x000000070c200000, 0x000000070c200000, 0x000000070c400000|  0%| F|  |TAMS 0x000000070c200000, 0x000000070c200000| Untracked 
|  73|0x000000070c400000, 0x000000070c400000, 0x000000070c600000|  0%| F|  |TAMS 0x000000070c400000, 0x000000070c400000| Untracked 
|  74|0x000000070c600000, 0x000000070c600000, 0x000000070c800000|  0%| F|  |TAMS 0x000000070c600000, 0x000000070c600000| Untracked 
|  75|0x000000070c800000, 0x000000070c800000, 0x000000070ca00000|  0%| F|  |TAMS 0x000000070c800000, 0x000000070c800000| Untracked 
|  76|0x000000070ca00000, 0x000000070ca00000, 0x000000070cc00000|  0%| F|  |TAMS 0x000000070ca00000, 0x000000070ca00000| Untracked 
|  77|0x000000070cc00000, 0x000000070cc00000, 0x000000070ce00000|  0%| F|  |TAMS 0x000000070cc00000, 0x000000070cc00000| Untracked 
|  78|0x000000070ce00000, 0x000000070ce00000, 0x000000070d000000|  0%| F|  |TAMS 0x000000070ce00000, 0x000000070ce00000| Untracked 
|  79|0x000000070d000000, 0x000000070d000000, 0x000000070d200000|  0%| F|  |TAMS 0x000000070d000000, 0x000000070d000000| Untracked 
|  80|0x000000070d200000, 0x000000070d200000, 0x000000070d400000|  0%| F|  |TAMS 0x000000070d200000, 0x000000070d200000| Untracked 
|  81|0x000000070d400000, 0x000000070d400000, 0x000000070d600000|  0%| F|  |TAMS 0x000000070d400000, 0x000000070d400000| Untracked 
|  82|0x000000070d600000, 0x000000070d600000, 0x000000070d800000|  0%| F|  |TAMS 0x000000070d600000, 0x000000070d600000| Untracked 
|  83|0x000000070d800000, 0x000000070d800000, 0x000000070da00000|  0%| F|  |TAMS 0x000000070d800000, 0x000000070d800000| Untracked 
|  84|0x000000070da00000, 0x000000070da00000, 0x000000070dc00000|  0%| F|  |TAMS 0x000000070da00000, 0x000000070da00000| Untracked 
|  85|0x000000070dc00000, 0x000000070dc00000, 0x000000070de00000|  0%| F|  |TAMS 0x000000070dc00000, 0x000000070dc00000| Untracked 
|  86|0x000000070de00000, 0x000000070de00000, 0x000000070e000000|  0%| F|  |TAMS 0x000000070de00000, 0x000000070de00000| Untracked 
|  87|0x000000070e000000, 0x000000070e000000, 0x000000070e200000|  0%| F|  |TAMS 0x000000070e000000, 0x000000070e000000| Untracked 
|  88|0x000000070e200000, 0x000000070e200000, 0x000000070e400000|  0%| F|  |TAMS 0x000000070e200000, 0x000000070e200000| Untracked 
|  89|0x000000070e400000, 0x000000070e400000, 0x000000070e600000|  0%| F|  |TAMS 0x000000070e400000, 0x000000070e400000| Untracked 
|  90|0x000000070e600000, 0x000000070e600000, 0x000000070e800000|  0%| F|  |TAMS 0x000000070e600000, 0x000000070e600000| Untracked 
|  91|0x000000070e800000, 0x000000070e800000, 0x000000070ea00000|  0%| F|  |TAMS 0x000000070e800000, 0x000000070e800000| Untracked 
|  92|0x000000070ea00000, 0x000000070ea00000, 0x000000070ec00000|  0%| F|  |TAMS 0x000000070ea00000, 0x000000070ea00000| Untracked 
|  93|0x000000070ec00000, 0x000000070ec00000, 0x000000070ee00000|  0%| F|  |TAMS 0x000000070ec00000, 0x000000070ec00000| Untracked 
|  94|0x000000070ee00000, 0x000000070ee00000, 0x000000070f000000|  0%| F|  |TAMS 0x000000070ee00000, 0x000000070ee00000| Untracked 
|  95|0x000000070f000000, 0x000000070f000000, 0x000000070f200000|  0%| F|  |TAMS 0x000000070f000000, 0x000000070f000000| Untracked 
|  96|0x000000070f200000, 0x000000070f200000, 0x000000070f400000|  0%| F|  |TAMS 0x000000070f200000, 0x000000070f200000| Untracked 
|  97|0x000000070f400000, 0x000000070f400000, 0x000000070f600000|  0%| F|  |TAMS 0x000000070f400000, 0x000000070f400000| Untracked 
|  98|0x000000070f600000, 0x000000070f600000, 0x000000070f800000|  0%| F|  |TAMS 0x000000070f600000, 0x000000070f600000| Untracked 
|  99|0x000000070f800000, 0x000000070f800000, 0x000000070fa00000|  0%| F|  |TAMS 0x000000070f800000, 0x000000070f800000| Untracked 
| 100|0x000000070fa00000, 0x000000070fa00000, 0x000000070fc00000|  0%| F|  |TAMS 0x000000070fa00000, 0x000000070fa00000| Untracked 
| 101|0x000000070fc00000, 0x000000070fc00000, 0x000000070fe00000|  0%| F|  |TAMS 0x000000070fc00000, 0x000000070fc00000| Untracked 
| 102|0x000000070fe00000, 0x000000070fe00000, 0x0000000710000000|  0%| F|  |TAMS 0x000000070fe00000, 0x000000070fe00000| Untracked 
| 103|0x0000000710000000, 0x0000000710000000, 0x0000000710200000|  0%| F|  |TAMS 0x0000000710000000, 0x0000000710000000| Untracked 
| 104|0x0000000710200000, 0x0000000710200000, 0x0000000710400000|  0%| F|  |TAMS 0x0000000710200000, 0x0000000710200000| Untracked 
| 105|0x0000000710400000, 0x0000000710400000, 0x0000000710600000|  0%| F|  |TAMS 0x0000000710400000, 0x0000000710400000| Untracked 
| 106|0x0000000710600000, 0x0000000710600000, 0x0000000710800000|  0%| F|  |TAMS 0x0000000710600000, 0x0000000710600000| Untracked 
| 107|0x0000000710800000, 0x0000000710800000, 0x0000000710a00000|  0%| F|  |TAMS 0x0000000710800000, 0x0000000710800000| Untracked 
| 108|0x0000000710a00000, 0x0000000710a00000, 0x0000000710c00000|  0%| F|  |TAMS 0x0000000710a00000, 0x0000000710a00000| Untracked 
| 109|0x0000000710c00000, 0x0000000710c00000, 0x0000000710e00000|  0%| F|  |TAMS 0x0000000710c00000, 0x0000000710c00000| Untracked 
| 110|0x0000000710e00000, 0x0000000710e00000, 0x0000000711000000|  0%| F|  |TAMS 0x0000000710e00000, 0x0000000710e00000| Untracked 
| 111|0x0000000711000000, 0x0000000711000000, 0x0000000711200000|  0%| F|  |TAMS 0x0000000711000000, 0x0000000711000000| Untracked 
| 112|0x0000000711200000, 0x0000000711200000, 0x0000000711400000|  0%| F|  |TAMS 0x0000000711200000, 0x0000000711200000| Untracked 
| 113|0x0000000711400000, 0x0000000711400000, 0x0000000711600000|  0%| F|  |TAMS 0x0000000711400000, 0x0000000711400000| Untracked 
| 114|0x0000000711600000, 0x0000000711600000, 0x0000000711800000|  0%| F|  |TAMS 0x0000000711600000, 0x0000000711600000| Untracked 
| 115|0x0000000711800000, 0x0000000711800000, 0x0000000711a00000|  0%| F|  |TAMS 0x0000000711800000, 0x0000000711800000| Untracked 
| 116|0x0000000711a00000, 0x0000000711a00000, 0x0000000711c00000|  0%| F|  |TAMS 0x0000000711a00000, 0x0000000711a00000| Untracked 
| 117|0x0000000711c00000, 0x0000000711c00000, 0x0000000711e00000|  0%| F|  |TAMS 0x0000000711c00000, 0x0000000711c00000| Untracked 
| 118|0x0000000711e00000, 0x0000000711e00000, 0x0000000712000000|  0%| F|  |TAMS 0x0000000711e00000, 0x0000000711e00000| Untracked 
| 119|0x0000000712000000, 0x0000000712000000, 0x0000000712200000|  0%| F|  |TAMS 0x0000000712000000, 0x0000000712000000| Untracked 
| 120|0x0000000712200000, 0x0000000712200000, 0x0000000712400000|  0%| F|  |TAMS 0x0000000712200000, 0x0000000712200000| Untracked 
| 121|0x0000000712400000, 0x0000000712400000, 0x0000000712600000|  0%| F|  |TAMS 0x0000000712400000, 0x0000000712400000| Untracked 
| 122|0x0000000712600000, 0x0000000712600000, 0x0000000712800000|  0%| F|  |TAMS 0x0000000712600000, 0x0000000712600000| Untracked 
| 123|0x0000000712800000, 0x0000000712800000, 0x0000000712a00000|  0%| F|  |TAMS 0x0000000712800000, 0x0000000712800000| Untracked 
| 124|0x0000000712a00000, 0x0000000712beb570, 0x0000000712c00000| 95%| E|  |TAMS 0x0000000712a00000, 0x0000000712a00000| Complete 
| 125|0x0000000712c00000, 0x0000000712e00000, 0x0000000712e00000|100%| E|CS|TAMS 0x0000000712c00000, 0x0000000712c00000| Complete 
| 126|0x0000000712e00000, 0x0000000713000000, 0x0000000713000000|100%| E|CS|TAMS 0x0000000712e00000, 0x0000000712e00000| Complete 

Card table byte_map: [0x0000029ee09e0000,0x0000029ee11d0000] _byte_map_base: 0x0000029edd1c7000

Marking Bits (Prev, Next): (CMBitMap*) 0x0000029ecb95d5e0, (CMBitMap*) 0x0000029ecb95d620
 Prev Bits: [0x0000029ee19c0000, 0x0000029ee58f8000)
 Next Bits: [0x0000029ee5900000, 0x0000029ee9838000)

Polling page: 0x0000029ed0760000

Metaspace:

Usage:
  Non-class:      8.34 MB used.
      Class:    810.24 KB used.
       Both:      9.13 MB used.

Virtual space:
  Non-class space:       16.00 MB reserved,       8.38 MB ( 52%) committed,  2 nodes.
      Class space:        1.00 GB reserved,     896.00 KB ( <1%) committed,  1 nodes.
             Both:        1.02 GB reserved,       9.25 MB ( <1%) committed. 

Chunk freelists:
   Non-Class:  2.75 MB
       Class:  2.97 MB
        Both:  5.72 MB

MaxMetaspaceSize: unlimited
CompressedClassSpaceSize: 1.00 GB
Initial GC threshold: 21.00 MB
Current GC threshold: 21.00 MB
CDS: off
MetaspaceReclaimPolicy: balanced
 - commit_granule_bytes: 65536.
 - commit_granule_words: 8192.
 - virtual_space_node_default_size: 1048576.
 - enlarge_chunks_in_place: 1.
 - new_chunks_are_fully_committed: 0.
 - uncommit_free_chunks: 1.
 - use_allocation_guard: 0.
 - handle_deallocations: 1.


Internal statistics:

num_allocs_failed_limit: 0.
num_arena_births: 8.
num_arena_deaths: 0.
num_vsnodes_births: 3.
num_vsnodes_deaths: 0.
num_space_committed: 148.
num_space_uncommitted: 0.
num_chunks_returned_to_freelist: 0.
num_chunks_taken_from_freelist: 44.
num_chunk_merges: 0.
num_chunk_splits: 19.
num_chunks_enlarged: 14.
num_purges: 0.
num_inconsistent_stats: 0.

CodeHeap 'non-profiled nmethods': size=120000Kb used=131Kb max_used=131Kb free=119868Kb
 bounds [0x0000029ed8250000, 0x0000029ed84c0000, 0x0000029edf780000]
CodeHeap 'profiled nmethods': size=120000Kb used=570Kb max_used=570Kb free=119429Kb
 bounds [0x0000029ed0d20000, 0x0000029ed0f90000, 0x0000029ed8250000]
CodeHeap 'non-nmethods': size=5760Kb used=1209Kb max_used=1228Kb free=4550Kb
 bounds [0x0000029ed0780000, 0x0000029ed09f0000, 0x0000029ed0d20000]
 total_blobs=808 nmethods=396 adapters=325
 compilation: enabled
              stopped_count=0, restarted_count=0
 full_count=0

Compilation events (20 events):
Event: 0.343 Thread 0x0000029eecc8be40  388       3       java.lang.String::rangeCheck (9 bytes)
Event: 0.343 Thread 0x0000029eecc8be40 nmethod 388 0x0000029ed0dac210 code [0x0000029ed0dac3c0, 0x0000029ed0dac508]
Event: 15.156 Thread 0x0000029eecc8be40  389       3       org.eclipse.jdt.launching.internal.org.objectweb.asm.ClassReader::readUtf (161 bytes)
Event: 15.157 Thread 0x0000029eecc8be40 nmethod 389 0x0000029ed0dac610 code [0x0000029ed0dac7e0, 0x0000029ed0dacca8]
Event: 15.157 Thread 0x0000029eecc89530  390       4       java.lang.AbstractStringBuilder::ensureCapacityInternal (39 bytes)
Event: 15.159 Thread 0x0000029eecc8be40  391       3       org.eclipse.jdt.launching.internal.org.objectweb.asm.SymbolTable::hash (10 bytes)
Event: 15.159 Thread 0x0000029eecc8be40 nmethod 391 0x0000029ed0dacf90 code [0x0000029ed0dad120, 0x0000029ed0dad268]
Event: 15.159 Thread 0x0000029eecc8be40  392       3       org.eclipse.jdt.launching.internal.org.objectweb.asm.SymbolTable$Entry::<init> (17 bytes)
Event: 15.159 Thread 0x0000029eecc8be40 nmethod 392 0x0000029ed0dad390 code [0x0000029ed0dad540, 0x0000029ed0dad6e8]
Event: 15.159 Thread 0x0000029eecc8be40  393       3       org.eclipse.jdt.launching.internal.org.objectweb.asm.SymbolTable::add (39 bytes)
Event: 15.160 Thread 0x0000029eecc89530 nmethod 390 0x0000029ed8270410 code [0x0000029ed82705a0, 0x0000029ed8270a08]
Event: 15.160 Thread 0x0000029eecc8be40 nmethod 393 0x0000029ed0dad790 code [0x0000029ed0dad940, 0x0000029ed0dadcb8]
Event: 15.160 Thread 0x0000029eecc8be40  394       3       org.eclipse.jdt.launching.internal.org.objectweb.asm.SymbolTable::addConstantUtf8 (20 bytes)
Event: 15.160 Thread 0x0000029eecc89530  395       4       org.eclipse.jdt.launching.internal.org.objectweb.asm.ClassReader::readUnsignedShort (26 bytes)
Event: 15.160 Thread 0x0000029eecc89530 nmethod 395 0x0000029ed8270c10 code [0x0000029ed8270d80, 0x0000029ed8270e78]
Event: 15.160 Thread 0x0000029eecc8be40 nmethod 394 0x0000029ed0dade10 code [0x0000029ed0dadfe0, 0x0000029ed0dae2a8]
Event: 15.160 Thread 0x0000029eecc8be40  397       3       org.eclipse.jdt.launching.internal.org.objectweb.asm.Symbol::<init> (38 bytes)
Event: 15.160 Thread 0x0000029eecc8be40 nmethod 397 0x0000029ed0dae410 code [0x0000029ed0dae5c0, 0x0000029ed0dae878]
Event: 15.160 Thread 0x0000029eecc8be40  396       3       java.lang.String::<init> (74 bytes)
Event: 15.162 Thread 0x0000029eecc8be40 


GC Heap History (0 events):
No events

Deoptimization events (20 events):
Event: 0.317 Thread 0x0000029ecb90bb00 DEOPT PACKING pc=0x0000029ed0d90754 sp=0x000000f02aaf7fc0
Event: 0.317 Thread 0x0000029ecb90bb00 DEOPT UNPACKING pc=0x0000029ed07d6763 sp=0x000000f02aaf7428 mode 0
Event: 0.318 Thread 0x0000029ecb90bb00 DEOPT PACKING pc=0x0000029ed0d90754 sp=0x000000f02aaf7fc0
Event: 0.318 Thread 0x0000029ecb90bb00 DEOPT UNPACKING pc=0x0000029ed07d6763 sp=0x000000f02aaf7428 mode 0
Event: 0.318 Thread 0x0000029ecb90bb00 DEOPT PACKING pc=0x0000029ed0d90754 sp=0x000000f02aaf7fc0
Event: 0.318 Thread 0x0000029ecb90bb00 DEOPT UNPACKING pc=0x0000029ed07d6763 sp=0x000000f02aaf7428 mode 0
Event: 0.320 Thread 0x0000029ecb90bb00 DEOPT PACKING pc=0x0000029ed0d90754 sp=0x000000f02aafba10
Event: 0.320 Thread 0x0000029ecb90bb00 DEOPT UNPACKING pc=0x0000029ed07d6763 sp=0x000000f02aafae78 mode 0
Event: 0.320 Thread 0x0000029ecb90bb00 DEOPT PACKING pc=0x0000029ed0d90754 sp=0x000000f02aafba10
Event: 0.320 Thread 0x0000029ecb90bb00 DEOPT UNPACKING pc=0x0000029ed07d6763 sp=0x000000f02aafae78 mode 0
Event: 0.320 Thread 0x0000029ecb90bb00 DEOPT PACKING pc=0x0000029ed0d90754 sp=0x000000f02aafba10
Event: 0.320 Thread 0x0000029ecb90bb00 DEOPT UNPACKING pc=0x0000029ed07d6763 sp=0x000000f02aafae78 mode 0
Event: 0.324 Thread 0x0000029ecb90bb00 DEOPT PACKING pc=0x0000029ed0d90754 sp=0x000000f02aaf7eb0
Event: 0.324 Thread 0x0000029ecb90bb00 DEOPT UNPACKING pc=0x0000029ed07d6763 sp=0x000000f02aaf7318 mode 0
Event: 0.328 Thread 0x0000029ecb90bb00 DEOPT PACKING pc=0x0000029ed0d90754 sp=0x000000f02aaf7bb0
Event: 0.328 Thread 0x0000029ecb90bb00 DEOPT UNPACKING pc=0x0000029ed07d6763 sp=0x000000f02aaf7018 mode 0
Event: 0.328 Thread 0x0000029ecb90bb00 DEOPT PACKING pc=0x0000029ed0d90754 sp=0x000000f02aaf7bb0
Event: 0.328 Thread 0x0000029ecb90bb00 DEOPT UNPACKING pc=0x0000029ed07d6763 sp=0x000000f02aaf7018 mode 0
Event: 0.328 Thread 0x0000029ecb90bb00 DEOPT PACKING pc=0x0000029ed0d90754 sp=0x000000f02aaf7bb0
Event: 0.328 Thread 0x0000029ecb90bb00 DEOPT UNPACKING pc=0x0000029ed07d6763 sp=0x000000f02aaf7018 mode 0

Classes unloaded (0 events):
No events

Classes redefined (2 events):
Event: 15.161 Thread 0x0000029eec36ec40 redefined class name=com.exercise1.GokulrajVenugopal.SinglyLinkedList$Node, count=1
Event: 15.161 Thread 0x0000029eec36ec40 redefined class name=com.exercise1.GokulrajVenugopal.SinglyLinkedList, count=1

Internal exceptions (0 events):
No events

VM Operations (20 events):
Event: 2.738 Executing VM operation: get/set locals
Event: 2.738 Executing VM operation: get/set locals done
Event: 2.738 Executing VM operation: get/set locals
Event: 2.738 Executing VM operation: get/set locals done
Event: 2.741 Executing VM operation: get/set locals
Event: 2.741 Executing VM operation: get/set locals done
Event: 8.350 Executing VM operation: get/set locals
Event: 8.350 Executing VM operation: get/set locals done
Event: 8.382 Executing VM operation: get/set locals
Event: 8.382 Executing VM operation: get/set locals done
Event: 15.160 Executing VM operation: RedefineClasses
Event: 15.166 Executing VM operation: RedefineClasses done
Event: 15.176 Executing VM operation: ChangeBreakpoints
Event: 15.176 Executing VM operation: ChangeBreakpoints done
Event: 15.186 Executing VM operation: ChangeBreakpoints
Event: 15.186 Executing VM operation: ChangeBreakpoints done
Event: 15.191 Executing VM operation: ChangeBreakpoints
Event: 15.191 Executing VM operation: ChangeBreakpoints done
Event: 15.194 Executing VM operation: ChangeBreakpoints
Event: 15.194 Executing VM operation: ChangeBreakpoints done

Events (20 events):
Event: 0.314 loading class jdk/internal/reflect/UTF8 done
Event: 0.314 loading class jdk/internal/reflect/Label
Event: 0.314 loading class jdk/internal/reflect/Label done
Event: 0.314 loading class jdk/internal/reflect/Label$PatchInfo
Event: 0.314 loading class jdk/internal/reflect/Label$PatchInfo done
Event: 0.314 loading class jdk/internal/reflect/MethodAccessorGenerator$1
Event: 0.314 loading class jdk/internal/reflect/MethodAccessorGenerator$1 done
Event: 0.314 loading class jdk/internal/reflect/ClassDefiner
Event: 0.314 loading class jdk/internal/reflect/ClassDefiner done
Event: 0.314 loading class jdk/internal/reflect/ClassDefiner$1
Event: 0.314 loading class jdk/internal/reflect/ClassDefiner$1 done
Event: 0.314 loading class jdk/internal/reflect/BootstrapConstructorAccessorImpl
Event: 0.314 loading class jdk/internal/reflect/BootstrapConstructorAccessorImpl done
Event: 0.317 loading class java/lang/TypeNotPresentException
Event: 0.317 loading class java/lang/TypeNotPresentException done
Event: 0.329 loading class java/lang/IllegalStateException
Event: 0.329 loading class java/lang/IllegalStateException done
Event: 0.342 loading class java/lang/CloneNotSupportedException
Event: 0.342 loading class java/lang/CloneNotSupportedException done
Event: 5.356 Thread 0x0000029eecfd9f40 Thread exited: 0x0000029eecfd9f40


Dynamic libraries:
0x00007ff7c8180000 - 0x00007ff7c818e000 	C:\Users\GOKUL\.p2\pool\plugins\org.eclipse.justj.openjdk.hotspot.jre.full.win32.x86_64_17.0.1.v20211116-1657\jre\bin\javaw.exe
0x00007ff8a1770000 - 0x00007ff8a1984000 	C:\WINDOWS\SYSTEM32\ntdll.dll
0x00007ff89f820000 - 0x00007ff89f8e3000 	C:\WINDOWS\System32\KERNEL32.DLL
0x00007ff89ee50000 - 0x00007ff89f1ed000 	C:\WINDOWS\System32\KERNELBASE.dll
0x00007ff89eb90000 - 0x00007ff89eca1000 	C:\WINDOWS\System32\ucrtbase.dll
0x00007ff8890e0000 - 0x00007ff8890f9000 	C:\Users\GOKUL\.p2\pool\plugins\org.eclipse.justj.openjdk.hotspot.jre.full.win32.x86_64_17.0.1.v20211116-1657\jre\bin\VCRUNTIME140.dll
0x00007ff87c8e0000 - 0x00007ff87c8f8000 	C:\Users\GOKUL\.p2\pool\plugins\org.eclipse.justj.openjdk.hotspot.jre.full.win32.x86_64_17.0.1.v20211116-1657\jre\bin\jli.dll
0x00007ff89f670000 - 0x00007ff89f81d000 	C:\WINDOWS\System32\USER32.dll
0x00007ff89f1f0000 - 0x00007ff89f216000 	C:\WINDOWS\System32\win32u.dll
0x00007ff886440000 - 0x00007ff8866ce000 	C:\WINDOWS\WinSxS\amd64_microsoft.windows.common-controls_6595b64144ccf1df_6.0.22621.608_none_a9444ca7c10bb01d\COMCTL32.dll
0x00007ff89f900000 - 0x00007ff89f929000 	C:\WINDOWS\System32\GDI32.dll
0x00007ff8a0e30000 - 0x00007ff8a0ed7000 	C:\WINDOWS\System32\msvcrt.dll
0x00007ff89ed30000 - 0x00007ff89ee42000 	C:\WINDOWS\System32\gdi32full.dll
0x00007ff89f4c0000 - 0x00007ff89f55a000 	C:\WINDOWS\System32\msvcp_win.dll
0x00007ff8a16f0000 - 0x00007ff8a1722000 	C:\WINDOWS\System32\IMM32.DLL
0x00007ff890160000 - 0x00007ff89016c000 	C:\Users\GOKUL\.p2\pool\plugins\org.eclipse.justj.openjdk.hotspot.jre.full.win32.x86_64_17.0.1.v20211116-1657\jre\bin\vcruntime140_1.dll
0x00007ff850850000 - 0x00007ff8508e1000 	C:\Users\GOKUL\.p2\pool\plugins\org.eclipse.justj.openjdk.hotspot.jre.full.win32.x86_64_17.0.1.v20211116-1657\jre\bin\msvcp140.dll
0x00007ff838a00000 - 0x00007ff839646000 	C:\Users\GOKUL\.p2\pool\plugins\org.eclipse.justj.openjdk.hotspot.jre.full.win32.x86_64_17.0.1.v20211116-1657\jre\bin\server\jvm.dll
0x00007ff89f5c0000 - 0x00007ff89f66e000 	C:\WINDOWS\System32\ADVAPI32.dll
0x00007ff89ff40000 - 0x00007ff89ffe4000 	C:\WINDOWS\System32\sechost.dll
0x00007ff8a0a10000 - 0x00007ff8a0b25000 	C:\WINDOWS\System32\RPCRT4.dll
0x00007ff8a08f0000 - 0x00007ff8a08f8000 	C:\WINDOWS\System32\PSAPI.DLL
0x00007ff861a50000 - 0x00007ff861a59000 	C:\WINDOWS\SYSTEM32\WSOCK32.dll
0x00007ff890050000 - 0x00007ff890084000 	C:\WINDOWS\SYSTEM32\WINMM.dll
0x00007ff8a0990000 - 0x00007ff8a0a01000 	C:\WINDOWS\System32\WS2_32.dll
0x00007ff88f4a0000 - 0x00007ff88f4aa000 	C:\WINDOWS\SYSTEM32\VERSION.dll
0x00007ff89dcd0000 - 0x00007ff89dce8000 	C:\WINDOWS\SYSTEM32\kernel.appcore.dll
0x00007ff89b170000 - 0x00007ff89b17a000 	C:\Users\GOKUL\.p2\pool\plugins\org.eclipse.justj.openjdk.hotspot.jre.full.win32.x86_64_17.0.1.v20211116-1657\jre\bin\jimage.dll
0x00007ff89c5a0000 - 0x00007ff89c7ce000 	C:\WINDOWS\SYSTEM32\DBGHELP.DLL
0x00007ff8a0ee0000 - 0x00007ff8a126a000 	C:\WINDOWS\System32\combase.dll
0x00007ff89fcf0000 - 0x00007ff89fdc7000 	C:\WINDOWS\System32\OLEAUT32.dll
0x00007ff87f830000 - 0x00007ff87f862000 	C:\WINDOWS\SYSTEM32\dbgcore.DLL
0x00007ff89ecb0000 - 0x00007ff89ed2b000 	C:\WINDOWS\System32\bcryptPrimitives.dll
0x00007ff85f7f0000 - 0x00007ff85f82b000 	C:\Users\GOKUL\.p2\pool\plugins\org.eclipse.justj.openjdk.hotspot.jre.full.win32.x86_64_17.0.1.v20211116-1657\jre\bin\jdwp.dll
0x00007ff887fe0000 - 0x00007ff887fee000 	C:\Users\GOKUL\.p2\pool\plugins\org.eclipse.justj.openjdk.hotspot.jre.full.win32.x86_64_17.0.1.v20211116-1657\jre\bin\instrument.dll
0x00007ff886410000 - 0x00007ff886435000 	C:\Users\GOKUL\.p2\pool\plugins\org.eclipse.justj.openjdk.hotspot.jre.full.win32.x86_64_17.0.1.v20211116-1657\jre\bin\java.dll
0x00007ff888a10000 - 0x00007ff888a28000 	C:\Users\GOKUL\.p2\pool\plugins\org.eclipse.justj.openjdk.hotspot.jre.full.win32.x86_64_17.0.1.v20211116-1657\jre\bin\zip.dll
0x00007ff8a0080000 - 0x00007ff8a086f000 	C:\WINDOWS\System32\SHELL32.dll
0x00007ff89cb70000 - 0x00007ff89d438000 	C:\WINDOWS\SYSTEM32\windows.storage.dll
0x00007ff89ca30000 - 0x00007ff89cb6e000 	C:\WINDOWS\SYSTEM32\wintypes.dll
0x00007ff89fa50000 - 0x00007ff89fb41000 	C:\WINDOWS\System32\SHCORE.dll
0x00007ff89f560000 - 0x00007ff89f5be000 	C:\WINDOWS\System32\shlwapi.dll
0x00007ff89eac0000 - 0x00007ff89eae1000 	C:\WINDOWS\SYSTEM32\profapi.dll
0x00007ff886e90000 - 0x00007ff886e9c000 	C:\Users\GOKUL\.p2\pool\plugins\org.eclipse.justj.openjdk.hotspot.jre.full.win32.x86_64_17.0.1.v20211116-1657\jre\bin\dt_socket.dll
0x00007ff89d680000 - 0x00007ff89d6ad000 	C:\WINDOWS\SYSTEM32\IPHLPAPI.DLL
0x00007ff89e140000 - 0x00007ff89e1a9000 	C:\WINDOWS\system32\mswsock.dll
0x00007ff89d6b0000 - 0x00007ff89d7a2000 	C:\WINDOWS\SYSTEM32\DNSAPI.dll
0x00007ff89fff0000 - 0x00007ff89fff9000 	C:\WINDOWS\System32\NSI.dll
0x00007ff890df0000 - 0x00007ff890dfa000 	C:\Windows\System32\rasadhlp.dll
0x00007ff88fc30000 - 0x00007ff88fcb3000 	C:\WINDOWS\System32\fwpuclnt.dll
0x00007ff8871f0000 - 0x00007ff887209000 	C:\Users\GOKUL\.p2\pool\plugins\org.eclipse.justj.openjdk.hotspot.jre.full.win32.x86_64_17.0.1.v20211116-1657\jre\bin\net.dll
0x00007ff893ae0000 - 0x00007ff893c0f000 	C:\WINDOWS\SYSTEM32\WINHTTP.dll
0x00007ff8871b0000 - 0x00007ff8871c5000 	C:\Users\GOKUL\.p2\pool\plugins\org.eclipse.justj.openjdk.hotspot.jre.full.win32.x86_64_17.0.1.v20211116-1657\jre\bin\nio.dll
0x00007ff899d80000 - 0x00007ff899d90000 	C:\Users\GOKUL\.p2\pool\plugins\org.eclipse.justj.openjdk.hotspot.jre.full.win32.x86_64_17.0.1.v20211116-1657\jre\bin\verify.dll

dbghelp: loaded successfully - version: 4.0.5 - missing functions: none
symbol engine: initialized successfully - sym options: 0x614 - pdb path: .;C:\Users\GOKUL\.p2\pool\plugins\org.eclipse.justj.openjdk.hotspot.jre.full.win32.x86_64_17.0.1.v20211116-1657\jre\bin;C:\WINDOWS\SYSTEM32;C:\WINDOWS\WinSxS\amd64_microsoft.windows.common-controls_6595b64144ccf1df_6.0.22621.608_none_a9444ca7c10bb01d;C:\Users\GOKUL\.p2\pool\plugins\org.eclipse.justj.openjdk.hotspot.jre.full.win32.x86_64_17.0.1.v20211116-1657\jre\bin\server

VM Arguments:
jvm_args: -XX:+ShowCodeDetailsInExceptionMessages -agentlib:jdwp=transport=dt_socket,suspend=y,address=localhost:61926 -javaagent:C:\Users\GOKUL\eclipse\java-2021-12\eclipse\configuration\org.eclipse.osgi\221\0\.cp\lib\javaagent-shaded.jar -Dfile.encoding=Cp1252 
java_command: com.exercise1.GokulrajVenugopal.SinglyLinkedList
java_class_path (initial): D:\Java Programming Workspace\GokulrajVenugopal_COMP254Lab1\bin
Launcher Type: SUN_STANDARD

[Global flags]
     intx CICompilerCount                          = 4                                         {product} {ergonomic}
     uint ConcGCThreads                            = 2                                         {product} {ergonomic}
     uint G1ConcRefinementThreads                  = 8                                         {product} {ergonomic}
   size_t G1HeapRegionSize                         = 2097152                                   {product} {ergonomic}
    uintx GCDrainStackTargetSize                   = 64                                        {product} {ergonomic}
   size_t InitialHeapSize                          = 266338304                                 {product} {ergonomic}
   size_t MarkStackSize                            = 4194304                                   {product} {ergonomic}
   size_t MaxHeapSize                              = 4242538496                                {product} {ergonomic}
   size_t MaxNewSize                               = 2543845376                                {product} {ergonomic}
   size_t MinHeapDeltaBytes                        = 2097152                                   {product} {ergonomic}
   size_t MinHeapSize                              = 8388608                                   {product} {ergonomic}
    uintx NonNMethodCodeHeapSize                   = 5839372                                {pd product} {ergonomic}
    uintx NonProfiledCodeHeapSize                  = 122909434                              {pd product} {ergonomic}
    uintx ProfiledCodeHeapSize                     = 122909434                              {pd product} {ergonomic}
    uintx ReservedCodeCacheSize                    = 251658240                              {pd product} {ergonomic}
     bool SegmentedCodeCache                       = true                                      {product} {ergonomic}
     bool ShowCodeDetailsInExceptionMessages       = true                                   {manageable} {command line}
   size_t SoftMaxHeapSize                          = 4242538496                             {manageable} {ergonomic}
     bool UseCompressedClassPointers               = true                           {product lp64_product} {ergonomic}
     bool UseCompressedOops                        = true                           {product lp64_product} {ergonomic}
     bool UseG1GC                                  = true                                      {product} {ergonomic}
     bool UseLargePagesIndividualAllocation        = false                                  {pd product} {ergonomic}

Logging:
Log output configuration:
 #0: stdout all=warning uptime,level,tags
 #1: stderr all=off uptime,level,tags

Environment Variables:
PATH=C:\Users\GOKUL\.p2\pool\plugins\org.eclipse.justj.openjdk.hotspot.jre.full.win32.x86_64_17.0.1.v20211116-1657\jre\bin;C:/Users/GOKUL/.p2/pool/plugins/org.eclipse.justj.openjdk.hotspot.jre.full.win32.x86_64_17.0.1.v20211116-1657/jre/bin/server;C:/Users/GOKUL/.p2/pool/plugins/org.eclipse.justj.openjdk.hotspot.jre.full.win32.x86_64_17.0.1.v20211116-1657/jre/bin;C:\Program Files (x86)\Common Files\Oracle\Java\javapath;C:\WINDOWS\system32;C:\WINDOWS;C:\WINDOWS\System32\Wbem;C:\WINDOWS\System32\WindowsPowerShell\v1.0\;C:\WINDOWS\System32\OpenSSH\;C:\Program Files\dotnet\;C:\Program Files\Microsoft SQL Server\130\Tools\Binn\;C:\Program Files\Git\cmd;C:\Program Files\Git\mingw64\bin;C:\Program Files\Git\usr\bin;C:\Program Files\nodejs\;C:\Program Files\Microsoft SQL Server\150\Tools\Binn\;C:\Program Files\Microsoft SQL Server\Client SDK\ODBC\170\Tools\Binn\;C:\WINDOWS\system32;C:\WINDOWS;C:\WINDOWS\System32\Wbem;C:\WINDOWS\System32\WindowsPowerShell\v1.0\;C:\WINDOWS\System32\OpenSSH\;C:\Users\GOKUL\AppData\Local\Microsoft\WindowsApps;C:\Users\GOKUL\.dotnet\tools;C:\Users\GOKUL\AppData\Local\Programs\Microsoft VS Code\bin;C:\Users\GOKUL\AppData\Roaming\npm;C:\Program Files\Git\bin;C:\Program Files\nodejs;C:\Program Files\MongoDB\Server\5.0\bin;C:\Users\GOKUL\AppData\Local\GitHubDesktop\bin;;C:\WINDOWS\System32;
USERNAME=gokulrajvenugopal
OS=Windows_NT
PROCESSOR_IDENTIFIER=Intel64 Family 6 Model 140 Stepping 1, GenuineIntel



---------------  S Y S T E M  ---------------

OS:
 Windows 10 , 64 bit Build 22621 (10.0.22621.1105)
OS uptime: 6 days 2:06 hours

CPU: total 8 (initial active 8) (4 cores per cpu, 2 threads per core) family 6 model 140 stepping 1 microcode 0x86, cx8, cmov, fxsr, ht, mmx, 3dnowpref, sse, sse2, sse3, ssse3, sse4.1, sse4.2, popcnt, lzcnt, tsc, tscinvbit, avx, avx2, aes, erms, clmul, bmi1, bmi2, adx, avx512f, avx512dq, avx512cd, avx512bw, avx512vl, sha, fma, vzeroupper, avx512_vpopcntdq, avx512_vpclmulqdq, avx512_vaes, avx512_vnni, clflush, clflushopt, clwb, avx512_vbmi2, avx512_vbmi

Memory: 4k page, system-wide physical 16179M (6065M free)
TotalPageFile size 18611M (AvailPageFile size 6874M)
current process WorkingSet (physical memory assigned to process): 47M, peak: 51M
current process commit charge ("private bytes"): 343M, peak: 346M

vm_info: OpenJDK 64-Bit Server VM (17.0.1+12) for windows-amd64 JRE (17.0.1+12), built on Oct 20 2021 07:42:55 by "" with MS VC++ 16.7 (VS2019)

END.
